  main.cpp
E:\3-1\OpenGL\Snowball\main.cpp(65,19): warning C4244: '=': 'double'에서 'float'(으)로 변환하면서 데이터가 손실될 수 있습니다.
E:\3-1\OpenGL\Snowball\main.cpp(94,47): warning C4305: '초기화 중': 'double'에서 'GLfloat'(으)로 잘립니다.
E:\3-1\OpenGL\Snowball\main.cpp(96,47): warning C4305: '초기화 중': 'double'에서 'GLfloat'(으)로 잘립니다.
E:\3-1\OpenGL\Snowball\main.cpp(98,50): warning C4305: '초기화 중': 'double'에서 'GLfloat'(으)로 잘립니다.
E:\3-1\OpenGL\Snowball\main.cpp(99,49): warning C4305: '초기화 중': 'double'에서 'GLfloat'(으)로 잘립니다.
E:\3-1\OpenGL\Snowball\main.cpp(100,49): warning C4305: '초기화 중': 'double'에서 'GLfloat'(으)로 잘립니다.
E:\3-1\OpenGL\Snowball\main.cpp(119,35): warning C4244: '인수': 'double'에서 'float'(으)로 변환하면서 데이터가 손실될 수 있습니다.
E:\3-1\OpenGL\Snowball\main.cpp(131,21): warning C4305: '인수': 'double'에서 'float'(으)로 잘립니다.
E:\3-1\OpenGL\Snowball\main.cpp(132,24): warning C4305: '초기화 중': 'double'에서 'float'(으)로 잘립니다.
E:\3-1\OpenGL\Snowball\main.cpp(140,30): warning C4244: '=': 'double'에서 'float'(으)로 변환하면서 데이터가 손실될 수 있습니다.
E:\3-1\OpenGL\Snowball\main.cpp(145,20): warning C4018: '<': signed 또는 unsigned가 일치하지 않습니다.
E:\3-1\OpenGL\Snowball\main.cpp(175,37): warning C4244: '인수': 'double'에서 'GLfloat'(으)로 변환하면서 데이터가 손실될 수 있습니다.
E:\3-1\OpenGL\Snowball\main.cpp(179,24): warning C4305: '인수': 'double'에서 'GLfloat'(으)로 잘립니다.
E:\3-1\OpenGL\Snowball\main.cpp(186,38): warning C4244: '인수': 'double'에서 'GLfloat'(으)로 변환하면서 데이터가 손실될 수 있습니다.
E:\3-1\OpenGL\Snowball\main.cpp(188,24): warning C4305: '인수': 'double'에서 'GLfloat'(으)로 잘립니다.
E:\3-1\OpenGL\Snowball\main.cpp(194,31): warning C4244: '인수': 'double'에서 'GLfloat'(으)로 변환하면서 데이터가 손실될 수 있습니다.
E:\3-1\OpenGL\Snowball\main.cpp(212,25): warning C4305: '인수': 'double'에서 'GLfloat'(으)로 잘립니다.
E:\3-1\OpenGL\Snowball\main.cpp(221,35): warning C4244: '인수': 'double'에서 'GLfloat'(으)로 변환하면서 데이터가 손실될 수 있습니다.
E:\3-1\OpenGL\Snowball\main.cpp(222,25): warning C4305: '인수': 'double'에서 'GLfloat'(으)로 잘립니다.
E:\3-1\OpenGL\Snowball\main.cpp(244,31): warning C4305: '인수': 'double'에서 'GLclampf'(으)로 잘립니다.
  Snowball.vcxproj -> E:\3-1\OpenGL\Snowball\Debug\Snowball.exe
